#
# There is insufficient memory for the Java Runtime Environment to continue.
# Native memory allocation (malloc) failed to allocate 2575376 bytes for Chunk::new
# Possible reasons:
#   The system is out of physical RAM or swap space
#   In 32 bit mode, the process size limit was hit
# Possible solutions:
#   Reduce memory load on the system
#   Increase physical memory or swap space
#   Check if swap backing store is full
#   Use 64 bit Java on a 64 bit OS
#   Decrease Java heap size (-Xmx/-Xms)
#   Decrease number of Java threads
#   Decrease Java thread stack sizes (-Xss)
#   Set larger code cache with -XX:ReservedCodeCacheSize=
# This output file may be truncated or incomplete.
#
#  Out of Memory Error (allocation.cpp:390), pid=15716, tid=0x0000000000002b5c
#
# JRE version: Java(TM) SE Runtime Environment (8.0_131-b11) (build 1.8.0_131-b11)
# Java VM: Java HotSpot(TM) 64-Bit Server VM (25.131-b11 mixed mode windows-amd64 compressed oops)
# Failed to write core dump. Minidumps are not enabled by default on client versions of Windows
#

---------------  T H R E A D  ---------------

Current thread (0x000000001a16b800):  JavaThread "C2 CompilerThread0" daemon [_thread_in_native, id=11100, stack(0x000000001a720000,0x000000001a820000)]

Stack: [0x000000001a720000,0x000000001a820000]
[error occurred during error reporting (printing stack bounds), id 0xc0000005]

Native frames: (J=compiled Java code, j=interpreted, Vv=VM code, C=native code)


Current CompileTask:
C2:  12028 4174   !   4       org.springframework.core.annotation.AnnotatedElementUtils::searchWithFindSemantics (713 bytes)


---------------  P R O C E S S  ---------------

Java Threads: ( => current thread )
  0x000000001f2c4000 JavaThread "DestroyJavaVM" [_thread_blocked, id=3924, stack(0x0000000002d70000,0x0000000002e70000)]
  0x000000001f2c9800 JavaThread "http-nio-8080-AsyncTimeout" daemon [_thread_blocked, id=11804, stack(0x0000000025370000,0x0000000025470000)]
  0x000000001f2c7000 JavaThread "http-nio-8080-Acceptor-0" daemon [_thread_in_native, id=23896, stack(0x0000000025270000,0x0000000025370000)]
  0x000000001f2c6800 JavaThread "http-nio-8080-ClientPoller-1" daemon [_thread_in_native, id=8656, stack(0x0000000025170000,0x0000000025270000)]
  0x000000001f2cb000 JavaThread "http-nio-8080-ClientPoller-0" daemon [_thread_in_native, id=6700, stack(0x0000000025070000,0x0000000025170000)]
  0x000000001f2c5000 JavaThread "http-nio-8080-exec-10" daemon [_thread_blocked, id=20676, stack(0x0000000024f70000,0x0000000025070000)]
  0x000000001f2c5800 JavaThread "http-nio-8080-exec-9" daemon [_thread_blocked, id=18608, stack(0x0000000024e70000,0x0000000024f70000)]
  0x000000001e240000 JavaThread "http-nio-8080-exec-8" daemon [_thread_blocked, id=12640, stack(0x0000000024d70000,0x0000000024e70000)]
  0x000000001e243000 JavaThread "http-nio-8080-exec-7" daemon [_thread_blocked, id=8380, stack(0x0000000024c70000,0x0000000024d70000)]
  0x000000001e23f800 JavaThread "http-nio-8080-exec-6" daemon [_thread_blocked, id=13244, stack(0x0000000024b70000,0x0000000024c70000)]
  0x000000001e244800 JavaThread "http-nio-8080-exec-5" daemon [_thread_blocked, id=1172, stack(0x0000000024a70000,0x0000000024b70000)]
  0x000000001e246000 JavaThread "http-nio-8080-exec-4" daemon [_thread_blocked, id=15640, stack(0x0000000024970000,0x0000000024a70000)]
  0x000000001e244000 JavaThread "http-nio-8080-exec-3" daemon [_thread_blocked, id=13652, stack(0x0000000024870000,0x0000000024970000)]
  0x000000001e242800 JavaThread "http-nio-8080-exec-2" daemon [_thread_blocked, id=16876, stack(0x0000000024770000,0x0000000024870000)]
  0x000000001e241800 JavaThread "http-nio-8080-exec-1" daemon [_thread_blocked, id=20064, stack(0x0000000024670000,0x0000000024770000)]
  0x000000001e241000 JavaThread "NioBlockingSelector.BlockPoller-1" daemon [_thread_in_native, id=25596, stack(0x00000000211e0000,0x00000000212e0000)]
  0x000000001b153800 JavaThread "Abandoned connection cleanup thread" daemon [_thread_blocked, id=3156, stack(0x00000000210e0000,0x00000000211e0000)]
  0x000000001defe800 JavaThread "Tomcat JDBC Pool Cleaner[414493378:1505915829065]" daemon [_thread_blocked, id=3896, stack(0x0000000020fe0000,0x00000000210e0000)]
  0x000000001fe96000 JavaThread "container-0" [_thread_blocked, id=16416, stack(0x000000001f8d0000,0x000000001f9d0000)]
  0x000000001da46800 JavaThread "ContainerBackgroundProcessor[StandardEngine[Tomcat]]" daemon [_thread_blocked, id=8748, stack(0x000000001f7d0000,0x000000001f8d0000)]
  0x0000000020061800 JavaThread "localhost-startStop-1" daemon [_thread_blocked, id=15616, stack(0x000000001fc20000,0x000000001fd20000)]
  0x0000000020330000 JavaThread "Tomcat-startStop-1" daemon [_thread_blocked, id=19080, stack(0x000000001c930000,0x000000001ca30000)]
  0x000000001ab38800 JavaThread "Service Thread" daemon [_thread_blocked, id=6020, stack(0x000000001b320000,0x000000001b420000)]
  0x000000001a173000 JavaThread "C1 CompilerThread3" daemon [_thread_blocked, id=13444, stack(0x000000001aa20000,0x000000001ab20000)]
  0x000000001a16e800 JavaThread "C2 CompilerThread2" daemon [_thread_in_native, id=6588, stack(0x000000001a920000,0x000000001aa20000)]
  0x000000001a168800 JavaThread "C2 CompilerThread1" daemon [_thread_in_native, id=25560, stack(0x000000001a820000,0x000000001a920000)]
=>0x000000001a16b800 JavaThread "C2 CompilerThread0" daemon [_thread_in_native, id=11100, stack(0x000000001a720000,0x000000001a820000)]
  0x000000001a114800 JavaThread "Monitor Ctrl-Break" daemon [_thread_in_native, id=9660, stack(0x000000001a620000,0x000000001a720000)]
  0x0000000019e55800 JavaThread "Attach Listener" daemon [_thread_blocked, id=18044, stack(0x000000001a520000,0x000000001a620000)]
  0x0000000019e54800 JavaThread "Signal Dispatcher" daemon [_thread_blocked, id=9844, stack(0x000000001a420000,0x000000001a520000)]
  0x0000000017f43000 JavaThread "Finalizer" daemon [_thread_blocked, id=6328, stack(0x000000001a220000,0x000000001a320000)]
  0x000000000318e000 JavaThread "Reference Handler" daemon [_thread_blocked, id=14524, stack(0x0000000019d20000,0x0000000019e20000)]

Other Threads:
  0x0000000017f38800 VMThread [stack: 0x0000000019c20000,0x0000000019d20000] [id=19852]
  0x000000001a193800 WatcherThread [stack: 0x000000001b420000,0x000000001b520000] [id=14288]

VM state:not at safepoint (normal execution)

VM Mutex/Monitor currently owned by a thread: None

Heap:
 PSYoungGen      total 204288K, used 32171K [0x00000000d6f00000, 0x00000000e7680000, 0x0000000100000000)
  eden space 188416K, 9% used [0x00000000d6f00000,0x00000000d7fe5df0,0x00000000e2700000)
  from space 15872K, 93% used [0x00000000e2700000,0x00000000e3585198,0x00000000e3680000)
  to   space 17408K, 0% used [0x00000000e6580000,0x00000000e6580000,0x00000000e7680000)
 ParOldGen       total 100352K, used 23411K [0x0000000084c00000, 0x000000008ae00000, 0x00000000d6f00000)
  object space 100352K, 23% used [0x0000000084c00000,0x00000000862dcec8,0x000000008ae00000)
 Metaspace       used 44698K, capacity 45098K, committed 45440K, reserved 1089536K
  class space    used 5805K, capacity 5912K, committed 6016K, reserved 1048576K

Card table byte_map: [0x0000000012550000,0x0000000012930000] byte_map_base: 0x000000001212a000

Marking Bits: (ParMarkBitMap*) 0x0000000074e3c720
 Begin Bits: [0x00000000133d0000, 0x00000000152a0000)
 End Bits:   [0x00000000152a0000, 0x0000000017170000)

Polling page: 0x00000000014f0000

CodeCache: size=245760Kb used=14722Kb max_used=14788Kb free=231037Kb
 bounds [0x0000000003190000, 0x0000000004020000, 0x0000000012190000]
 total_blobs=4267 nmethods=3753 adapters=426
 compilation: enabled

Compilation events (10 events):
Event: 10.933 Thread 0x000000001a173000 4224       3       java.util.Calendar::isFieldSet (14 bytes)
Event: 10.933 Thread 0x000000001a173000 nmethod 4224 0x00000000032d9e10 code [0x00000000032d9f60, 0x00000000032da0f0]
Event: 10.934 Thread 0x000000001a173000 4225       3       java.util.Calendar::getBaseStyle (5 bytes)
Event: 10.934 Thread 0x000000001a173000 nmethod 4225 0x0000000003497fd0 code [0x0000000003498120, 0x0000000003498270]
Event: 11.022 Thread 0x000000001a16e800 nmethod 4008 0x0000000004000890 code [0x0000000004001460, 0x000000000400c720]
Event: 11.026 Thread 0x000000001a16e800 4204       4       sun.nio.cs.UTF_8$Decoder::decode (779 bytes)
Event: 11.063 Thread 0x000000001a16e800 nmethod 4204 0x0000000003ffac50 code [0x0000000003ffaf40, 0x0000000003ffc490]
Event: 11.063 Thread 0x000000001a16e800 4191       4       java.util.TreeMap::successor (66 bytes)
Event: 11.065 Thread 0x000000001a16e800 nmethod 4191 0x0000000003620e50 code [0x0000000003620f80, 0x0000000003621038]
Event: 11.066 Thread 0x000000001a16e800 4179   !   4       org.springframework.core.annotation.AnnotatedElementUtils::searchOnInterfaces (86 bytes)

GC Heap History (10 events):
Event: 3.218 GC heap before
{Heap before GC invocations=7 (full 1):
 PSYoungGen      total 136192K, used 5636K [0x00000000d6f00000, 0x00000000dfd00000, 0x0000000100000000)
  eden space 126976K, 0% used [0x00000000d6f00000,0x00000000d6f00000,0x00000000deb00000)
  from space 9216K, 61% used [0x00000000df400000,0x00000000df981350,0x00000000dfd00000)
  to   space 9216K, 0% used [0x00000000deb00000,0x00000000deb00000,0x00000000df400000)
 ParOldGen       total 84992K, used 5917K [0x0000000084c00000, 0x0000000089f00000, 0x00000000d6f00000)
  object space 84992K, 6% used [0x0000000084c00000,0x00000000851c7498,0x0000000089f00000)
 Metaspace       used 20938K, capacity 21216K, committed 21296K, reserved 1069056K
  class space    used 2567K, capacity 2677K, committed 2688K, reserved 1048576K
Event: 3.274 GC heap after
Heap after GC invocations=7 (full 1):
 PSYoungGen      total 136192K, used 0K [0x00000000d6f00000, 0x00000000dfd00000, 0x0000000100000000)
  eden space 126976K, 0% used [0x00000000d6f00000,0x00000000d6f00000,0x00000000deb00000)
  from space 9216K, 0% used [0x00000000df400000,0x00000000df400000,0x00000000dfd00000)
  to   space 9216K, 0% used [0x00000000deb00000,0x00000000deb00000,0x00000000df400000)
 ParOldGen       total 55808K, used 6585K [0x0000000084c00000, 0x0000000088280000, 0x00000000d6f00000)
  object space 55808K, 11% used [0x0000000084c00000,0x000000008526e728,0x0000000088280000)
 Metaspace       used 20938K, capacity 21216K, committed 21296K, reserved 1069056K
  class space    used 2567K, capacity 2677K, committed 2688K, reserved 1048576K
}
Event: 6.539 GC heap before
{Heap before GC invocations=8 (full 1):
 PSYoungGen      total 136192K, used 126976K [0x00000000d6f00000, 0x00000000dfd00000, 0x0000000100000000)
  eden space 126976K, 100% used [0x00000000d6f00000,0x00000000deb00000,0x00000000deb00000)
  from space 9216K, 0% used [0x00000000df400000,0x00000000df400000,0x00000000dfd00000)
  to   space 9216K, 0% used [0x00000000deb00000,0x00000000deb00000,0x00000000df400000)
 ParOldGen       total 55808K, used 6585K [0x0000000084c00000, 0x0000000088280000, 0x00000000d6f00000)
  object space 55808K, 11% used [0x0000000084c00000,0x000000008526e728,0x0000000088280000)
 Metaspace       used 27379K, capacity 27738K, committed 27904K, reserved 1073152K
  class space    used 3381K, capacity 3492K, committed 3584K, reserved 1048576K
Event: 6.551 GC heap after
Heap after GC invocations=8 (full 1):
 PSYoungGen      total 136192K, used 9205K [0x00000000d6f00000, 0x00000000e4180000, 0x0000000100000000)
  eden space 126976K, 0% used [0x00000000d6f00000,0x00000000d6f00000,0x00000000deb00000)
  from space 9216K, 99% used [0x00000000deb00000,0x00000000df3fd5b8,0x00000000df400000)
  to   space 11264K, 0% used [0x00000000e3680000,0x00000000e3680000,0x00000000e4180000)
 ParOldGen       total 55808K, used 8971K [0x0000000084c00000, 0x0000000088280000, 0x00000000d6f00000)
  object space 55808K, 16% used [0x0000000084c00000,0x00000000854c2f38,0x0000000088280000)
 Metaspace       used 27379K, capacity 27738K, committed 27904K, reserved 1073152K
  class space    used 3381K, capacity 3492K, committed 3584K, reserved 1048576K
}
Event: 7.927 GC heap before
{Heap before GC invocations=9 (full 1):
 PSYoungGen      total 136192K, used 130674K [0x00000000d6f00000, 0x00000000e4180000, 0x0000000100000000)
  eden space 126976K, 95% used [0x00000000d6f00000,0x00000000de59f478,0x00000000deb00000)
  from space 9216K, 99% used [0x00000000deb00000,0x00000000df3fd5b8,0x00000000df400000)
  to   space 11264K, 0% used [0x00000000e3680000,0x00000000e3680000,0x00000000e4180000)
 ParOldGen       total 55808K, used 8971K [0x0000000084c00000, 0x0000000088280000, 0x00000000d6f00000)
  object space 55808K, 16% used [0x0000000084c00000,0x00000000854c2f38,0x0000000088280000)
 Metaspace       used 34898K, capacity 35274K, committed 35496K, reserved 1081344K
  class space    used 4414K, capacity 4524K, committed 4608K, reserved 1048576K
Event: 7.939 GC heap after
Heap after GC invocations=9 (full 1):
 PSYoungGen      total 199680K, used 11261K [0x00000000d6f00000, 0x00000000e4600000, 0x0000000100000000)
  eden space 188416K, 0% used [0x00000000d6f00000,0x00000000d6f00000,0x00000000e2700000)
  from space 11264K, 99% used [0x00000000e3680000,0x00000000e417f518,0x00000000e4180000)
  to   space 15872K, 0% used [0x00000000e2700000,0x00000000e2700000,0x00000000e3680000)
 ParOldGen       total 55808K, used 15611K [0x0000000084c00000, 0x0000000088280000, 0x00000000d6f00000)
  object space 55808K, 27% used [0x0000000084c00000,0x0000000085b3ec30,0x0000000088280000)
 Metaspace       used 34898K, capacity 35274K, committed 35496K, reserved 1081344K
  class space    used 4414K, capacity 4524K, committed 4608K, reserved 1048576K
}
Event: 7.939 GC heap before
{Heap before GC invocations=10 (full 2):
 PSYoungGen      total 199680K, used 11261K [0x00000000d6f00000, 0x00000000e4600000, 0x0000000100000000)
  eden space 188416K, 0% used [0x00000000d6f00000,0x00000000d6f00000,0x00000000e2700000)
  from space 11264K, 99% used [0x00000000e3680000,0x00000000e417f518,0x00000000e4180000)
  to   space 15872K, 0% used [0x00000000e2700000,0x00000000e2700000,0x00000000e3680000)
 ParOldGen       total 55808K, used 15611K [0x0000000084c00000, 0x0000000088280000, 0x00000000d6f00000)
  object space 55808K, 27% used [0x0000000084c00000,0x0000000085b3ec30,0x0000000088280000)
 Metaspace       used 34898K, capacity 35274K, committed 35496K, reserved 1081344K
  class space    used 4414K, capacity 4524K, committed 4608K, reserved 1048576K
Event: 8.044 GC heap after
Heap after GC invocations=10 (full 2):
 PSYoungGen      total 199680K, used 0K [0x00000000d6f00000, 0x00000000e4600000, 0x0000000100000000)
  eden space 188416K, 0% used [0x00000000d6f00000,0x00000000d6f00000,0x00000000e2700000)
  from space 11264K, 0% used [0x00000000e3680000,0x00000000e3680000,0x00000000e4180000)
  to   space 15872K, 0% used [0x00000000e2700000,0x00000000e2700000,0x00000000e3680000)
 ParOldGen       total 100352K, used 23403K [0x0000000084c00000, 0x000000008ae00000, 0x00000000d6f00000)
  object space 100352K, 23% used [0x0000000084c00000,0x00000000862daec8,0x000000008ae00000)
 Metaspace       used 34898K, capacity 35274K, committed 35496K, reserved 1081344K
  class space    used 4414K, capacity 4524K, committed 4608K, reserved 1048576K
}
Event: 10.771 GC heap before
{Heap before GC invocations=11 (full 2):
 PSYoungGen      total 199680K, used 188416K [0x00000000d6f00000, 0x00000000e4600000, 0x0000000100000000)
  eden space 188416K, 100% used [0x00000000d6f00000,0x00000000e2700000,0x00000000e2700000)
  from space 11264K, 0% used [0x00000000e3680000,0x00000000e3680000,0x00000000e4180000)
  to   space 15872K, 0% used [0x00000000e2700000,0x00000000e2700000,0x00000000e3680000)
 ParOldGen       total 100352K, used 23403K [0x0000000084c00000, 0x000000008ae00000, 0x00000000d6f00000)
  object space 100352K, 23% used [0x0000000084c00000,0x00000000862daec8,0x000000008ae00000)
 Metaspace       used 44071K, capacity 44454K, committed 44800K, reserved 1087488K
  class space    used 5724K, capacity 5846K, committed 5888K, reserved 1048576K
Event: 10.791 GC heap after
Heap after GC invocations=11 (full 2):
 PSYoungGen      total 204288K, used 14868K [0x00000000d6f00000, 0x00000000e7680000, 0x0000000100000000)
  eden space 188416K, 0% used [0x00000000d6f00000,0x00000000d6f00000,0x00000000e2700000)
  from space 15872K, 93% used [0x00000000e2700000,0x00000000e3585198,0x00000000e3680000)
  to   space 17408K, 0% used [0x00000000e6580000,0x00000000e6580000,0x00000000e7680000)
 ParOldGen       total 100352K, used 23411K [0x0000000084c00000, 0x000000008ae00000, 0x00000000d6f00000)
  object space 100352K, 23% used [0x0000000084c00000,0x00000000862dcec8,0x000000008ae00000)
 Metaspace       used 44071K, capacity 44454K, committed 44800K, reserved 1087488K
  class space    used 5724K, capacity 5846K, committed 5888K, reserved 1048576K
}

Deoptimization events (10 events):
Event: 10.180 Thread 0x0000000003096000 Uncommon trap: reason=unstable_if action=reinterpret pc=0x0000000003a7f648 method=java.util.concurrent.ConcurrentHashMap.transfer([Ljava/util/concurrent/ConcurrentHashMap$Node;[Ljava/util/concurrent/ConcurrentHashMap$Node;)V @ 356
Event: 10.181 Thread 0x0000000003096000 Uncommon trap: reason=unstable_if action=reinterpret pc=0x00000000039be880 method=java.util.concurrent.ConcurrentHashMap.transfer([Ljava/util/concurrent/ConcurrentHashMap$Node;[Ljava/util/concurrent/ConcurrentHashMap$Node;)V @ 356
Event: 10.320 Thread 0x0000000003096000 Uncommon trap: reason=null_check action=make_not_entrant pc=0x0000000003f4c680 method=org.springframework.core.annotation.AnnotatedElementUtils.searchWithFindSemantics(Ljava/lang/reflect/AnnotatedElement;Ljava/lang/Class;Ljava/lang/String;Ljava/lang/Class
Event: 10.364 Thread 0x0000000003096000 Uncommon trap: reason=unstable_if action=reinterpret pc=0x00000000036f815c method=java.io.WinNTFileSystem.isLetter(C)Z @ 3
Event: 10.809 Thread 0x0000000003096000 Uncommon trap: reason=unstable_if action=reinterpret pc=0x0000000003aeca2c method=java.lang.Class$MethodArray.addIfNotPresent(Ljava/lang/reflect/Method;)V @ 19
Event: 10.839 Thread 0x0000000003096000 Uncommon trap: reason=unstable_if action=reinterpret pc=0x0000000003b147d4 method=org.springframework.util.ConcurrentReferenceHashMap$Segment.clear()V @ 4
Event: 10.885 Thread 0x0000000003096000 Uncommon trap: reason=class_check action=maybe_recompile pc=0x0000000003b07214 method=java.util.AbstractList$Itr.hasNext()Z @ 8
Event: 10.885 Thread 0x0000000003096000 Uncommon trap: reason=class_check action=maybe_recompile pc=0x0000000003b44e04 method=java.util.AbstractList$Itr.next()Ljava/lang/Object; @ 14
Event: 10.927 Thread 0x0000000003096000 Uncommon trap: reason=bimorphic action=maybe_recompile pc=0x00000000036073a4 method=java.util.Hashtable.get(Ljava/lang/Object;)Ljava/lang/Object; @ 6
Event: 10.927 Thread 0x0000000003096000 Uncommon trap: reason=bimorphic action=maybe_recompile pc=0x00000000036073a4 method=java.util.Hashtable.get(Ljava/lang/Object;)Ljava/lang/Object; @ 6

Internal exceptions (10 events):
Event: 10.716 Thread 0x0000000003096000 Exception <a 'java/lang/ClassNotFoundException': java/lang/ObjectCustomizer> (0x00000000e1e76068) thrown at [C:\re\workspace\8-2-build-windows-amd64-cygwin\jdk8u131\8869\hotspot\src\share\vm\classfile\systemDictionary.cpp, line 210]
Event: 10.717 Thread 0x0000000003096000 Exception <a 'java/lang/ClassNotFoundException': org/springframework/boot/autoconfigure/web/WebClientAutoConfiguration$RestTemplateConfigurationCustomizer> (0x00000000e1e97a18) thrown at [C:\re\workspace\8-2-build-windows-amd64-cygwin\jdk8u131\8869\hotspo
Event: 10.717 Thread 0x0000000003096000 Exception <a 'java/lang/ClassNotFoundException': org/springframework/boot/autoconfigure/web/WebClientAutoConfiguration$RestTemplateConfiguration$$EnhancerBySpringCGLIB$$56461430Customizer> (0x00000000e1ebe5f0) thrown at [C:\re\workspace\8-2-build-windows-
Event: 10.718 Thread 0x0000000003096000 Exception <a 'java/lang/ClassNotFoundException': org/springframework/context/annotation/ConfigurationClassEnhancer$EnhancedConfigurationCustomizer> (0x00000000e1ee1da8) thrown at [C:\re\workspace\8-2-build-windows-amd64-cygwin\jdk8u131\8869\hotspot\src\sh
Event: 10.729 Thread 0x0000000003096000 Exception <a 'java/lang/ClassNotFoundException': org/springframework/boot/web/client/RestTemplateBuilderBeanInfo> (0x00000000e1f91970) thrown at [C:\re\workspace\8-2-build-windows-amd64-cygwin\jdk8u131\8869\hotspot\src\share\vm\classfile\systemDictionary.
Event: 10.729 Thread 0x0000000003096000 Exception <a 'java/lang/ClassNotFoundException': org/springframework/boot/web/client/RestTemplateBuilderCustomizer> (0x00000000e1fa6990) thrown at [C:\re\workspace\8-2-build-windows-amd64-cygwin\jdk8u131\8869\hotspot\src\share\vm\classfile\systemDictionar
Event: 10.732 Thread 0x0000000003096000 Exception <a 'java/lang/ClassNotFoundException': java/lang/ObjectCustomizer> (0x00000000e1fdbc60) thrown at [C:\re\workspace\8-2-build-windows-amd64-cygwin\jdk8u131\8869\hotspot\src\share\vm\classfile\systemDictionary.cpp, line 210]
Event: 10.733 Thread 0x0000000003096000 Exception <a 'java/lang/ClassNotFoundException': org/springframework/boot/autoconfigure/web/WebClientAutoConfigurationCustomizer> (0x00000000e1ff7d58) thrown at [C:\re\workspace\8-2-build-windows-amd64-cygwin\jdk8u131\8869\hotspot\src\share\vm\classfile\s
Event: 10.733 Thread 0x0000000003096000 Exception <a 'java/lang/ClassNotFoundException': org/springframework/boot/autoconfigure/web/WebClientAutoConfiguration$$EnhancerBySpringCGLIB$$5fb5c1ccCustomizer> (0x00000000e2018af8) thrown at [C:\re\workspace\8-2-build-windows-amd64-cygwin\jdk8u131\8869
Event: 10.734 Thread 0x0000000003096000 Exception <a 'java/lang/ClassNotFoundException': org/springframework/context/annotation/ConfigurationClassEnhancer$EnhancedConfigurationCustomizer> (0x00000000e203a7b8) thrown at [C:\re\workspace\8-2-build-windows-amd64-cygwin\jdk8u131\8869\hotspot\src\sh

Events (10 events):
Event: 10.934 Thread 0x000000001a173000 flushing nmethod 0x000000000359b450
Event: 10.934 Thread 0x000000001a173000 flushing nmethod 0x0000000003604210
Event: 10.934 Thread 0x000000001a173000 flushing nmethod 0x0000000003604810
Event: 10.934 Thread 0x000000001a173000 flushing nmethod 0x0000000003613410
Event: 10.934 Thread 0x000000001a173000 flushing nmethod 0x0000000003620cd0
Event: 11.065 Thread 0x000000001a16e800 flushing nmethod 0x0000000003807410
Event: 11.065 Thread 0x000000001a16e800 flushing nmethod 0x0000000003821e50
Event: 11.065 Thread 0x000000001a16e800 flushing nmethod 0x000000000382b550
Event: 11.065 Thread 0x000000001a16e800 flushing nmethod 0x0000000003847890
Event: 11.065 Thread 0x000000001a16e800 flushing nmethod 0x0000000003853190


Dynamic libraries:
0x00007ff64d240000 - 0x00007ff64d277000 	C:\Program Files\Java\jdk1.8.0_131\bin\java.exe
0x00007ffae7210000 - 0x00007ffae73d2000 	C:\Windows\SYSTEM32\ntdll.dll
0x00007ffae4d10000 - 0x00007ffae4dbd000 	C:\Windows\system32\KERNEL32.DLL
0x00007ffae46f0000 - 0x00007ffae48cd000 	C:\Windows\system32\KERNELBASE.dll
0x00007ffae57a0000 - 0x00007ffae5846000 	C:\Windows\system32\ADVAPI32.dll
0x00007ffae4f00000 - 0x00007ffae4f9d000 	C:\Windows\system32\msvcrt.dll
0x00007ffae4b50000 - 0x00007ffae4bab000 	C:\Windows\system32\sechost.dll
0x00007ffae5300000 - 0x00007ffae5426000 	C:\Windows\system32\RPCRT4.dll
0x00007ffae4bc0000 - 0x00007ffae4d0e000 	C:\Windows\system32\USER32.dll
0x00007ffae50f0000 - 0x00007ffae5275000 	C:\Windows\system32\GDI32.dll
0x00007ffadf690000 - 0x00007ffadf904000 	C:\Windows\WinSxS\amd64_microsoft.windows.common-controls_6595b64144ccf1df_6.0.10240.17184_none_f41d7a705752bce6\COMCTL32.dll
0x00007ffae7080000 - 0x00007ffae70b6000 	C:\Windows\system32\IMM32.DLL
0x00007ffae5640000 - 0x00007ffae579c000 	C:\Windows\system32\MSCTF.dll
0x0000000074ec0000 - 0x0000000074f92000 	C:\Program Files\Java\jdk1.8.0_131\jre\bin\msvcr100.dll
0x0000000074620000 - 0x0000000074ebc000 	C:\Program Files\Java\jdk1.8.0_131\jre\bin\server\jvm.dll
0x00007ffae7200000 - 0x00007ffae7208000 	C:\Windows\system32\PSAPI.DLL
0x00007ffae13d0000 - 0x00007ffae13d9000 	C:\Windows\SYSTEM32\WSOCK32.dll
0x00007ffadfc90000 - 0x00007ffadfc9a000 	C:\Windows\SYSTEM32\VERSION.dll
0x00007ffae2000000 - 0x00007ffae2023000 	C:\Windows\SYSTEM32\WINMM.dll
0x00007ffae5280000 - 0x00007ffae52e9000 	C:\Windows\system32\WS2_32.dll
0x00007ffae4bb0000 - 0x00007ffae4bb8000 	C:\Windows\system32\NSI.dll
0x00007ffae1e90000 - 0x00007ffae1ebc000 	C:\Windows\SYSTEM32\WINMMBASE.dll
0x00007ffae46a0000 - 0x00007ffae46e4000 	C:\Windows\system32\cfgmgr32.dll
0x00007ffae25b0000 - 0x00007ffae25d7000 	C:\Windows\SYSTEM32\DEVOBJ.dll
0x0000000077310000 - 0x000000007731f000 	C:\Program Files\Java\jdk1.8.0_131\jre\bin\verify.dll
0x0000000075fb0000 - 0x0000000075fd9000 	C:\Program Files\Java\jdk1.8.0_131\jre\bin\java.dll
0x0000000075f60000 - 0x0000000075f83000 	C:\Program Files\Java\jdk1.8.0_131\jre\bin\instrument.dll
0x0000000075f90000 - 0x0000000075fa6000 	C:\Program Files\Java\jdk1.8.0_131\jre\bin\zip.dll
0x00007ffae58b0000 - 0x00007ffae6dd3000 	C:\Windows\system32\SHELL32.dll
0x00007ffae3de0000 - 0x00007ffae4409000 	C:\Windows\system32\windows.storage.dll
0x00007ffae48d0000 - 0x00007ffae4b4c000 	C:\Windows\system32\combase.dll
0x00007ffae4ea0000 - 0x00007ffae4ef1000 	C:\Windows\system32\shlwapi.dll
0x00007ffae3cc0000 - 0x00007ffae3ccf000 	C:\Windows\system32\kernel.appcore.dll
0x00007ffae4410000 - 0x00007ffae44c3000 	C:\Windows\system32\shcore.dll
0x00007ffae3c30000 - 0x00007ffae3c7a000 	C:\Windows\system32\powrprof.dll
0x00007ffae3c80000 - 0x00007ffae3c93000 	C:\Windows\system32\profapi.dll
0x00007ffacab40000 - 0x00007ffacab5a000 	C:\Program Files\JetBrains\IntelliJ IDEA 2017.1.3\bin\breakgen64.dll
0x0000000075500000 - 0x000000007551a000 	C:\Program Files\Java\jdk1.8.0_131\jre\bin\net.dll
0x00007ffae34c0000 - 0x00007ffae351d000 	C:\Windows\system32\mswsock.dll
0x0000000075f50000 - 0x0000000075f5d000 	C:\Program Files\Java\jdk1.8.0_131\jre\bin\management.dll
0x00007ffad9620000 - 0x00007ffad9635000 	C:\Windows\system32\napinsp.dll
0x00007ffad9640000 - 0x00007ffad965a000 	C:\Windows\system32\pnrpnsp.dll
0x00007ffae10a0000 - 0x00007ffae10b8000 	C:\Windows\system32\NLAapi.dll
0x00007ffae32e0000 - 0x00007ffae3388000 	C:\Windows\SYSTEM32\DNSAPI.dll
0x00007ffad9660000 - 0x00007ffad966d000 	C:\Windows\System32\winrnr.dll
0x00007ffad9690000 - 0x00007ffad96a5000 	C:\Windows\system32\wshbth.dll
0x00007ffadab50000 - 0x00007ffadab5a000 	C:\Windows\System32\rasadhlp.dll
0x00007ffae14b0000 - 0x00007ffae14e8000 	C:\Windows\SYSTEM32\IPHLPAPI.DLL
0x00007ffae1130000 - 0x00007ffae113b000 	C:\Windows\SYSTEM32\WINNSI.DLL
0x00007ffadc180000 - 0x00007ffadc1e8000 	C:\Windows\System32\fwpuclnt.dll
0x00007ffae3b60000 - 0x00007ffae3b88000 	C:\Windows\SYSTEM32\bcrypt.dll
0x00000000754e0000 - 0x00000000754f1000 	C:\Program Files\Java\jdk1.8.0_131\jre\bin\nio.dll
0x00007ffae33f0000 - 0x00007ffae3407000 	C:\Windows\SYSTEM32\CRYPTSP.dll
0x00007ffae3100000 - 0x00007ffae3133000 	C:\Windows\system32\rsaenh.dll
0x00007ffae3490000 - 0x00007ffae34af000 	C:\Windows\SYSTEM32\USERENV.dll
0x00007ffae3a50000 - 0x00007ffae3abb000 	C:\Windows\system32\bcryptprimitives.dll
0x00007ffae3740000 - 0x00007ffae374b000 	C:\Windows\SYSTEM32\CRYPTBASE.dll
0x00007ffadbb70000 - 0x00007ffadbb86000 	C:\Windows\SYSTEM32\dhcpcsvc6.DLL
0x00007ffadbb00000 - 0x00007ffadbb1a000 	C:\Windows\SYSTEM32\dhcpcsvc.DLL

VM Arguments:
jvm_args: -javaagent:C:\Program Files\JetBrains\IntelliJ IDEA 2017.1.3\lib\idea_rt.jar=22875:C:\Program Files\JetBrains\IntelliJ IDEA 2017.1.3\bin -Dfile.encoding=UTF-8 
java_command: com.github.stoton.App
java_class_path (initial): C:\Program Files\Java\jdk1.8.0_131\jre\lib\charsets.jar;C:\Program Files\Java\jdk1.8.0_131\jre\lib\deploy.jar;C:\Program Files\Java\jdk1.8.0_131\jre\lib\ext\access-bridge-64.jar;C:\Program Files\Java\jdk1.8.0_131\jre\lib\ext\cldrdata.jar;C:\Program Files\Java\jdk1.8.0_131\jre\lib\ext\dnsns.jar;C:\Program Files\Java\jdk1.8.0_131\jre\lib\ext\jaccess.jar;C:\Program Files\Java\jdk1.8.0_131\jre\lib\ext\jfxrt.jar;C:\Program Files\Java\jdk1.8.0_131\jre\lib\ext\localedata.jar;C:\Program Files\Java\jdk1.8.0_131\jre\lib\ext\nashorn.jar;C:\Program Files\Java\jdk1.8.0_131\jre\lib\ext\sunec.jar;C:\Program Files\Java\jdk1.8.0_131\jre\lib\ext\sunjce_provider.jar;C:\Program Files\Java\jdk1.8.0_131\jre\lib\ext\sunmscapi.jar;C:\Program Files\Java\jdk1.8.0_131\jre\lib\ext\sunpkcs11.jar;C:\Program Files\Java\jdk1.8.0_131\jre\lib\ext\zipfs.jar;C:\Program Files\Java\jdk1.8.0_131\jre\lib\javaws.jar;C:\Program Files\Java\jdk1.8.0_131\jre\lib\jce.jar;C:\Program Files\Java\jdk1.8.0_131\jre\lib\jfr.jar;C:\Program Files\Java\jdk1.8.0_131\jre\lib\jfxswt.jar;C:\Program Files\Java\jdk1.8.0_131\jre\lib\jsse.jar;C:\Program Files\Java\jdk1.8.0_131\jre\lib\management-agent.jar;C:\Program Files\Java\jdk1.8.0_131\jre\lib\plugin.jar;C:\Program Files\Java\jdk1.8.0_131\jre\lib\resources.jar;C:\Program Files\Java\jdk1.8.0_131\jre\lib\rt.jar;C:\Users\stoton\Downloads\zsat-timetable-backend\build\classes\main;C:\Users\stoton\Downloads\zsat-timetable-backend\build\resources\main;C:\Users\stoton\.gradle\caches\modules-2\files-2.1\mysql\mysql-connector-java\5.1.39\4617fe8dc8f1969ec450984b0b9203bc8b7c8ad5\mysql-connector-java-5.1.39.jar;C:\Users\stoton\.gradle\caches\modules-2\files-2.1\org.springframework.boot\spring-boot-starter-data-jpa\1.5.6.RELEASE\d75804c399bfc78f5ae32a04696aeb71926a49b5\spring-boot-starter-data-jpa-1.5.6.RELEASE.jar;C:\Users\stoton\.gradle\caches\modules-2\files-2.1\org.springframework.boot\spring-boot-starter-web\1.5.6.RELEASE\6f47b0a9e7e39b46b9e66ebdd2bff1c7
Launcher Type: SUN_STANDARD

Environment Variables:
PATH=C:\ProgramData\Oracle\Java\javapath;C:\Windows\system32;C:\Windows;C:\Windows\System32\Wbem;C:\Windows\System32\WindowsPowerShell\v1.0\;C:\Program Files (x86)\NVIDIA Corporation\PhysX\Common;C:\Windows\system32\config\systemprofile\.dnx\bin;C:\Program Files\Microsoft DNX\Dnvm\;C:\Program Files\Microsoft SQL Server\120\Tools\Binn\;C:\apache-maven-3.3.9\bin;D:\Bitvise SSH Client;C:\Program Files\Git\cmd;C:\Program Files\Git\mingw64\bin;C:\Program Files\Git\usr\bin;C:\Gradle\gradle-3.5\bin;C:\Program Files\PuTTY\;C:\Users\stoton\AppData\Local\Programs\Python\Python36\Scripts\;C:\Users\stoton\AppData\Local\Programs\Python\Python36\;C:\Users\stoton\AppData\Local\atom\bin
USERNAME=stoton
OS=Windows_NT
PROCESSOR_IDENTIFIER=Intel64 Family 6 Model 94 Stepping 3, GenuineIntel



---------------  S Y S T E M  ---------------

OS: Windows 10.0 , 64 bit Build 10240 (10.0.10240.17113)

CPU:total 8 (initial active 8) (4 cores per cpu, 2 threads per core) family 6 model 94 stepping 3, cmov, cx8, fxsr, mmx, sse, sse2, sse3, ssse3, sse4.1, sse4.2, popcnt, avx, avx2, aes, clmul, erms, rtm, 3dnowpref, lzcnt, ht, tsc, tscinvbit, bmi1, bmi2, adx

Memory: 4k page, physical 8070000k(991896k free), swap 8070000k(7576k free)

vm_info: Java HotSpot(TM) 64-Bit Server VM (25.131-b11) for windows-amd64 JRE (1.8.0_131-b11), built on Mar 15 2017 01:23:53 by "java_re" with MS VC++ 10.0 (VS2010)

time: Wed Sep 20 15:57:13 2017
elapsed time: 12 seconds (0d 0h 0m 12s)

