#
# There is insufficient memory for the Java Runtime Environment to continue.
# Native memory allocation (malloc) failed to allocate 96656 bytes for Chunk::new
# Possible reasons:
#   The system is out of physical RAM or swap space
#   In 32 bit mode, the process size limit was hit
# Possible solutions:
#   Reduce memory load on the system
#   Increase physical memory or swap space
#   Check if swap backing store is full
#   Use 64 bit Java on a 64 bit OS
#   Decrease Java heap size (-Xmx/-Xms)
#   Decrease number of Java threads
#   Decrease Java thread stack sizes (-Xss)
#   Set larger code cache with -XX:ReservedCodeCacheSize=
# This output file may be truncated or incomplete.
#
#  Out of Memory Error (allocation.cpp:390), pid=15040, tid=0x0000000000002ad8
#
# JRE version: Java(TM) SE Runtime Environment (8.0_131-b11) (build 1.8.0_131-b11)
# Java VM: Java HotSpot(TM) 64-Bit Server VM (25.131-b11 mixed mode windows-amd64 compressed oops)
# Failed to write core dump. Minidumps are not enabled by default on client versions of Windows
#

---------------  T H R E A D  ---------------

Current thread (0x000000001a0b8000):  JavaThread "C2 CompilerThread1" daemon [_thread_in_native, id=10968, stack(0x000000001a790000,0x000000001a890000)]

Stack: [0x000000001a790000,0x000000001a890000]
[error occurred during error reporting (printing stack bounds), id 0xc0000005]

Native frames: (J=compiled Java code, j=interpreted, Vv=VM code, C=native code)


Current CompileTask:
C2:  54882 4364   !   4       sun.misc.Resource::getBytes (242 bytes)


---------------  P R O C E S S  ---------------

Java Threads: ( => current thread )
  0x0000000022372800 JavaThread "Keep-Alive-Timer" daemon [_thread_blocked, id=7096, stack(0x0000000026300000,0x0000000026400000)]
  0x0000000022377000 JavaThread "DestroyJavaVM" [_thread_blocked, id=25244, stack(0x0000000002d50000,0x0000000002e50000)]
  0x0000000022374000 JavaThread "http-nio-8080-AsyncTimeout" daemon [_thread_blocked, id=18556, stack(0x0000000025f00000,0x0000000026000000)]
  0x0000000022371800 JavaThread "http-nio-8080-Acceptor-0" daemon [_thread_in_native, id=5036, stack(0x0000000025e00000,0x0000000025f00000)]
  0x0000000022376000 JavaThread "http-nio-8080-ClientPoller-1" daemon [_thread_in_native, id=24032, stack(0x0000000025d00000,0x0000000025e00000)]
  0x0000000022371000 JavaThread "http-nio-8080-ClientPoller-0" daemon [_thread_in_native, id=24000, stack(0x0000000025c00000,0x0000000025d00000)]
  0x0000000022375800 JavaThread "http-nio-8080-exec-10" daemon [_thread_blocked, id=12076, stack(0x0000000025b00000,0x0000000025c00000)]
  0x000000001dba5800 JavaThread "http-nio-8080-exec-9" daemon [_thread_blocked, id=6892, stack(0x0000000025a00000,0x0000000025b00000)]
  0x000000001dbaa000 JavaThread "http-nio-8080-exec-8" daemon [_thread_blocked, id=11064, stack(0x0000000025900000,0x0000000025a00000)]
  0x000000001dba9000 JavaThread "http-nio-8080-exec-7" daemon [_thread_blocked, id=10980, stack(0x0000000025800000,0x0000000025900000)]
  0x000000001dba4800 JavaThread "http-nio-8080-exec-6" daemon [_thread_blocked, id=11656, stack(0x0000000025700000,0x0000000025800000)]
  0x000000001dba7800 JavaThread "http-nio-8080-exec-5" daemon [_thread_blocked, id=2064, stack(0x0000000025600000,0x0000000025700000)]
  0x000000001dba7000 JavaThread "http-nio-8080-exec-4" daemon [_thread_blocked, id=18212, stack(0x0000000025500000,0x0000000025600000)]
  0x000000001dbaa800 JavaThread "http-nio-8080-exec-3" daemon [_thread_blocked, id=4152, stack(0x0000000025400000,0x0000000025500000)]
  0x000000001dbab800 JavaThread "http-nio-8080-exec-2" daemon [_thread_in_vm, id=23624, stack(0x0000000025300000,0x0000000025400000)]
  0x000000001dba6000 JavaThread "http-nio-8080-exec-1" daemon [_thread_blocked, id=18980, stack(0x0000000025200000,0x0000000025300000)]
  0x000000001dba8800 JavaThread "NioBlockingSelector.BlockPoller-1" daemon [_thread_in_native, id=18272, stack(0x00000000233c0000,0x00000000234c0000)]
  0x000000001c190800 JavaThread "Abandoned connection cleanup thread" daemon [_thread_blocked, id=15588, stack(0x00000000232c0000,0x00000000233c0000)]
  0x000000001af43800 JavaThread "Tomcat JDBC Pool Cleaner[414493378:1505915922829]" daemon [_thread_blocked, id=12552, stack(0x00000000231c0000,0x00000000232c0000)]
  0x000000001b63d800 JavaThread "container-0" [_thread_blocked, id=17984, stack(0x0000000021c20000,0x0000000021d20000)]
  0x000000001b030000 JavaThread "ContainerBackgroundProcessor[StandardEngine[Tomcat]]" daemon [_thread_blocked, id=7460, stack(0x000000001f740000,0x000000001f840000)]
  0x000000001aaa8800 JavaThread "Service Thread" daemon [_thread_blocked, id=768, stack(0x000000001b290000,0x000000001b390000)]
  0x000000001a0c1000 JavaThread "C1 CompilerThread3" daemon [_thread_blocked, id=2296, stack(0x000000001a990000,0x000000001aa90000)]
  0x000000001a0b9000 JavaThread "C2 CompilerThread2" daemon [_thread_in_native, id=21980, stack(0x000000001a890000,0x000000001a990000)]
=>0x000000001a0b8000 JavaThread "C2 CompilerThread1" daemon [_thread_in_native, id=10968, stack(0x000000001a790000,0x000000001a890000)]
  0x000000001a0b5800 JavaThread "C2 CompilerThread0" daemon [_thread_in_native, id=19592, stack(0x000000001a690000,0x000000001a790000)]
  0x000000001a05b000 JavaThread "Monitor Ctrl-Break" daemon [_thread_in_native, id=3328, stack(0x000000001a590000,0x000000001a690000)]
  0x0000000019da6000 JavaThread "Attach Listener" daemon [_thread_blocked, id=12884, stack(0x000000001a480000,0x000000001a580000)]
  0x0000000019da4800 JavaThread "Signal Dispatcher" daemon [_thread_blocked, id=11136, stack(0x000000001a380000,0x000000001a480000)]
  0x0000000019d90800 JavaThread "Finalizer" daemon [_thread_blocked, id=1084, stack(0x000000001a170000,0x000000001a270000)]
  0x0000000017e8d800 JavaThread "Reference Handler" daemon [_thread_blocked, id=236, stack(0x0000000019c70000,0x0000000019d70000)]

Other Threads:
  0x0000000017e89000 VMThread [stack: 0x0000000019b70000,0x0000000019c70000] [id=7356]
  0x000000001ab3d000 WatcherThread [stack: 0x000000001b390000,0x000000001b490000] [id=15752]

VM state:not at safepoint (normal execution)

VM Mutex/Monitor currently owned by a thread: None

Heap:
 PSYoungGen      total 226816K, used 40106K [0x00000000d6f00000, 0x00000000ead80000, 0x0000000100000000)
  eden space 210944K, 12% used [0x00000000d6f00000,0x00000000d88428e8,0x00000000e3d00000)
  from space 15872K, 89% used [0x00000000e3d00000,0x00000000e4ae8240,0x00000000e4c80000)
  to   space 17408K, 0% used [0x00000000e9c80000,0x00000000e9c80000,0x00000000ead80000)
 ParOldGen       total 81408K, used 23622K [0x0000000084c00000, 0x0000000089b80000, 0x00000000d6f00000)
  object space 81408K, 29% used [0x0000000084c00000,0x00000000863119f0,0x0000000089b80000)
 Metaspace       used 48028K, capacity 48414K, committed 48896K, reserved 1091584K
  class space    used 6224K, capacity 6332K, committed 6400K, reserved 1048576K

Card table byte_map: [0x00000000124a0000,0x0000000012880000] byte_map_base: 0x000000001207a000

Marking Bits: (ParMarkBitMap*) 0x0000000074e3c720
 Begin Bits: [0x0000000013320000, 0x00000000151f0000)
 End Bits:   [0x00000000151f0000, 0x00000000170c0000)

Polling page: 0x0000000001430000

CodeCache: size=245760Kb used=15085Kb max_used=15085Kb free=230674Kb
 bounds [0x00000000030e0000, 0x0000000003fb0000, 0x00000000120e0000]
 total_blobs=4372 nmethods=3850 adapters=433
 compilation: enabled

Compilation events (10 events):
Event: 54.864 Thread 0x000000001a0b8000 nmethod 4356 0x0000000003fa5d50 code [0x0000000003fa5ea0, 0x0000000003fa5fd8]
Event: 54.864 Thread 0x000000001a0b8000 4350       4       java.util.Hashtable$Enumerator::nextElement (111 bytes)
Event: 54.865 Thread 0x000000001a0b8000 nmethod 4350 0x0000000003fa5a90 code [0x0000000003fa5bc0, 0x0000000003fa5c98]
Event: 54.865 Thread 0x000000001a0b8000 4361       4       java.lang.String::toLowerCase (8 bytes)
Event: 54.865 Thread 0x000000001a0b8000 nmethod 4361 0x0000000003835410 code [0x0000000003835560, 0x0000000003835608]
Event: 54.865 Thread 0x000000001a0b8000 4363       4       java.security.CodeSource::<init> (40 bytes)
Event: 54.866 Thread 0x000000001a0b8000 nmethod 4363 0x0000000003b3bc90 code [0x0000000003b3bdc0, 0x0000000003b3be58]
Event: 54.866 Thread 0x000000001a0b8000 4364   !   4       sun.misc.Resource::getBytes (242 bytes)
Event: 54.868 Thread 0x000000001a0c1000 4365       3       java.net.URLStreamHandler::toExternalForm (219 bytes)
Event: 54.870 Thread 0x000000001a0c1000 nmethod 4365 0x0000000003fa8610 code [0x0000000003fa8960, 0x0000000003fabf08]

GC Heap History (10 events):
Event: 3.243 GC heap before
{Heap before GC invocations=7 (full 1):
 PSYoungGen      total 136192K, used 5554K [0x00000000d6f00000, 0x00000000dfd00000, 0x0000000100000000)
  eden space 126976K, 0% used [0x00000000d6f00000,0x00000000d6f00000,0x00000000deb00000)
  from space 9216K, 60% used [0x00000000df400000,0x00000000df96cbc0,0x00000000dfd00000)
  to   space 9216K, 0% used [0x00000000deb00000,0x00000000deb00000,0x00000000df400000)
 ParOldGen       total 84992K, used 6026K [0x0000000084c00000, 0x0000000089f00000, 0x00000000d6f00000)
  object space 84992K, 7% used [0x0000000084c00000,0x00000000851e2810,0x0000000089f00000)
 Metaspace       used 20929K, capacity 21216K, committed 21296K, reserved 1069056K
  class space    used 2564K, capacity 2677K, committed 2688K, reserved 1048576K
Event: 3.298 GC heap after
Heap after GC invocations=7 (full 1):
 PSYoungGen      total 136192K, used 0K [0x00000000d6f00000, 0x00000000dfd00000, 0x0000000100000000)
  eden space 126976K, 0% used [0x00000000d6f00000,0x00000000d6f00000,0x00000000deb00000)
  from space 9216K, 0% used [0x00000000df400000,0x00000000df400000,0x00000000dfd00000)
  to   space 9216K, 0% used [0x00000000deb00000,0x00000000deb00000,0x00000000df400000)
 ParOldGen       total 49664K, used 6549K [0x0000000084c00000, 0x0000000087c80000, 0x00000000d6f00000)
  object space 49664K, 13% used [0x0000000084c00000,0x00000000852656d8,0x0000000087c80000)
 Metaspace       used 20929K, capacity 21216K, committed 21296K, reserved 1069056K
  class space    used 2564K, capacity 2677K, committed 2688K, reserved 1048576K
}
Event: 6.640 GC heap before
{Heap before GC invocations=8 (full 1):
 PSYoungGen      total 136192K, used 126976K [0x00000000d6f00000, 0x00000000dfd00000, 0x0000000100000000)
  eden space 126976K, 100% used [0x00000000d6f00000,0x00000000deb00000,0x00000000deb00000)
  from space 9216K, 0% used [0x00000000df400000,0x00000000df400000,0x00000000dfd00000)
  to   space 9216K, 0% used [0x00000000deb00000,0x00000000deb00000,0x00000000df400000)
 ParOldGen       total 49664K, used 6549K [0x0000000084c00000, 0x0000000087c80000, 0x00000000d6f00000)
  object space 49664K, 13% used [0x0000000084c00000,0x00000000852656d8,0x0000000087c80000)
 Metaspace       used 27445K, capacity 27802K, committed 28160K, reserved 1073152K
  class space    used 3388K, capacity 3492K, committed 3584K, reserved 1048576K
Event: 6.652 GC heap after
Heap after GC invocations=8 (full 1):
 PSYoungGen      total 136192K, used 9190K [0x00000000d6f00000, 0x00000000e5900000, 0x0000000100000000)
  eden space 126976K, 0% used [0x00000000d6f00000,0x00000000d6f00000,0x00000000deb00000)
  from space 9216K, 99% used [0x00000000deb00000,0x00000000df3f9a28,0x00000000df400000)
  to   space 11264K, 0% used [0x00000000e4e00000,0x00000000e4e00000,0x00000000e5900000)
 ParOldGen       total 49664K, used 9097K [0x0000000084c00000, 0x0000000087c80000, 0x00000000d6f00000)
  object space 49664K, 18% used [0x0000000084c00000,0x00000000854e2410,0x0000000087c80000)
 Metaspace       used 27445K, capacity 27802K, committed 28160K, reserved 1073152K
  class space    used 3388K, capacity 3492K, committed 3584K, reserved 1048576K
}
Event: 8.532 GC heap before
{Heap before GC invocations=9 (full 1):
 PSYoungGen      total 136192K, used 131107K [0x00000000d6f00000, 0x00000000e5900000, 0x0000000100000000)
  eden space 126976K, 96% used [0x00000000d6f00000,0x00000000de60f330,0x00000000deb00000)
  from space 9216K, 99% used [0x00000000deb00000,0x00000000df3f9a28,0x00000000df400000)
  to   space 11264K, 0% used [0x00000000e4e00000,0x00000000e4e00000,0x00000000e5900000)
 ParOldGen       total 49664K, used 9097K [0x0000000084c00000, 0x0000000087c80000, 0x00000000d6f00000)
  object space 49664K, 18% used [0x0000000084c00000,0x00000000854e2410,0x0000000087c80000)
 Metaspace       used 34963K, capacity 35274K, committed 35496K, reserved 1081344K
  class space    used 4425K, capacity 4524K, committed 4608K, reserved 1048576K
Event: 8.546 GC heap after
Heap after GC invocations=9 (full 1):
 PSYoungGen      total 222208K, used 11252K [0x00000000d6f00000, 0x00000000e5c00000, 0x0000000100000000)
  eden space 210944K, 0% used [0x00000000d6f00000,0x00000000d6f00000,0x00000000e3d00000)
  from space 11264K, 99% used [0x00000000e4e00000,0x00000000e58fd128,0x00000000e5900000)
  to   space 15872K, 0% used [0x00000000e3d00000,0x00000000e3d00000,0x00000000e4c80000)
 ParOldGen       total 49664K, used 15783K [0x0000000084c00000, 0x0000000087c80000, 0x00000000d6f00000)
  object space 49664K, 31% used [0x0000000084c00000,0x0000000085b69f48,0x0000000087c80000)
 Metaspace       used 34963K, capacity 35274K, committed 35496K, reserved 1081344K
  class space    used 4425K, capacity 4524K, committed 4608K, reserved 1048576K
}
Event: 8.546 GC heap before
{Heap before GC invocations=10 (full 2):
 PSYoungGen      total 222208K, used 11252K [0x00000000d6f00000, 0x00000000e5c00000, 0x0000000100000000)
  eden space 210944K, 0% used [0x00000000d6f00000,0x00000000d6f00000,0x00000000e3d00000)
  from space 11264K, 99% used [0x00000000e4e00000,0x00000000e58fd128,0x00000000e5900000)
  to   space 15872K, 0% used [0x00000000e3d00000,0x00000000e3d00000,0x00000000e4c80000)
 ParOldGen       total 49664K, used 15783K [0x0000000084c00000, 0x0000000087c80000, 0x00000000d6f00000)
  object space 49664K, 31% used [0x0000000084c00000,0x0000000085b69f48,0x0000000087c80000)
 Metaspace       used 34963K, capacity 35274K, committed 35496K, reserved 1081344K
  class space    used 4425K, capacity 4524K, committed 4608K, reserved 1048576K
Event: 8.608 GC heap after
Heap after GC invocations=10 (full 2):
 PSYoungGen      total 222208K, used 0K [0x00000000d6f00000, 0x00000000e5c00000, 0x0000000100000000)
  eden space 210944K, 0% used [0x00000000d6f00000,0x00000000d6f00000,0x00000000e3d00000)
  from space 11264K, 0% used [0x00000000e4e00000,0x00000000e4e00000,0x00000000e5900000)
  to   space 15872K, 0% used [0x00000000e3d00000,0x00000000e3d00000,0x00000000e4c80000)
 ParOldGen       total 81408K, used 23614K [0x0000000084c00000, 0x0000000089b80000, 0x00000000d6f00000)
  object space 81408K, 29% used [0x0000000084c00000,0x000000008630f9f0,0x0000000089b80000)
 Metaspace       used 34963K, capacity 35274K, committed 35496K, reserved 1081344K
  class space    used 4425K, capacity 4524K, committed 4608K, reserved 1048576K
}
Event: 54.162 GC heap before
{Heap before GC invocations=11 (full 2):
 PSYoungGen      total 222208K, used 210944K [0x00000000d6f00000, 0x00000000e5c00000, 0x0000000100000000)
  eden space 210944K, 100% used [0x00000000d6f00000,0x00000000e3d00000,0x00000000e3d00000)
  from space 11264K, 0% used [0x00000000e4e00000,0x00000000e4e00000,0x00000000e5900000)
  to   space 15872K, 0% used [0x00000000e3d00000,0x00000000e3d00000,0x00000000e4c80000)
 ParOldGen       total 81408K, used 23614K [0x0000000084c00000, 0x0000000089b80000, 0x00000000d6f00000)
  object space 81408K, 29% used [0x0000000084c00000,0x000000008630f9f0,0x0000000089b80000)
 Metaspace       used 45051K, capacity 45450K, committed 45952K, reserved 1089536K
  class space    used 5850K, capacity 5944K, committed 6016K, reserved 1048576K
Event: 54.176 GC heap after
Heap after GC invocations=11 (full 2):
 PSYoungGen      total 226816K, used 14240K [0x00000000d6f00000, 0x00000000ead80000, 0x0000000100000000)
  eden space 210944K, 0% used [0x00000000d6f00000,0x00000000d6f00000,0x00000000e3d00000)
  from space 15872K, 89% used [0x00000000e3d00000,0x00000000e4ae8240,0x00000000e4c80000)
  to   space 17408K, 0% used [0x00000000e9c80000,0x00000000e9c80000,0x00000000ead80000)
 ParOldGen       total 81408K, used 23622K [0x0000000084c00000, 0x0000000089b80000, 0x00000000d6f00000)
  object space 81408K, 29% used [0x0000000084c00000,0x00000000863119f0,0x0000000089b80000)
 Metaspace       used 45051K, capacity 45450K, committed 45952K, reserved 1089536K
  class space    used 5850K, capacity 5944K, committed 6016K, reserved 1048576K
}

Deoptimization events (10 events):
Event: 54.324 Thread 0x000000001dbab800 Uncommon trap: reason=class_check action=maybe_recompile pc=0x0000000003432e4c method=java.util.Hashtable.addEntry(ILjava/lang/Object;Ljava/lang/Object;I)V @ 38
Event: 54.324 Thread 0x000000001dbab800 Uncommon trap: reason=class_check action=maybe_recompile pc=0x0000000003432e4c method=java.util.Hashtable.addEntry(ILjava/lang/Object;Ljava/lang/Object;I)V @ 38
Event: 54.324 Thread 0x000000001dbab800 Uncommon trap: reason=class_check action=maybe_recompile pc=0x0000000003432e4c method=java.util.Hashtable.addEntry(ILjava/lang/Object;Ljava/lang/Object;I)V @ 38
Event: 54.332 Thread 0x000000001dbab800 Uncommon trap: reason=unstable_if action=reinterpret pc=0x00000000031f4040 method=java.lang.CharacterData.of(I)Ljava/lang/CharacterData; @ 4
Event: 54.444 Thread 0x000000001dbab800 Uncommon trap: reason=unstable_if action=reinterpret pc=0x00000000033cca1c method=java.lang.String.indexOf([CII[CIII)I @ 27
Event: 54.444 Thread 0x000000001dbab800 Uncommon trap: reason=unstable_if action=reinterpret pc=0x00000000035f3058 method=java.lang.String.indexOf([CII[CIII)I @ 27
Event: 54.632 Thread 0x000000001dbab800 Uncommon trap: reason=unstable_if action=reinterpret pc=0x0000000003cb7b1c method=java.net.URLStreamHandler.parseURL(Ljava/net/URL;Ljava/lang/String;II)V @ 155
Event: 54.787 Thread 0x000000001dbab800 Uncommon trap: reason=unstable_if action=reinterpret pc=0x0000000003cc3274 method=java.net.URLStreamHandler.toExternalForm(Ljava/net/URL;)Ljava/lang/String; @ 24
Event: 54.789 Thread 0x000000001dbab800 Uncommon trap: reason=bimorphic action=maybe_recompile pc=0x000000000382eb64 method=java.util.regex.Matcher.match(II)Z @ 86
Event: 54.789 Thread 0x000000001dbab800 Uncommon trap: reason=unstable_if action=reinterpret pc=0x00000000035da468 method=java.util.regex.Pattern$BmpCharProperty.match(Ljava/util/regex/Matcher;ILjava/lang/CharSequence;)Z @ 34

Internal exceptions (10 events):
Event: 54.215 Thread 0x000000001dbab800 Exception <a 'java/lang/ClassNotFoundException': org/springframework/web/servlet/theme/AbstractThemeResolverCustomizer> (0x00000000d718a608) thrown at [C:\re\workspace\8-2-build-windows-amd64-cygwin\jdk8u131\8869\hotspot\src\share\vm\classfile\systemDicti
Event: 54.216 Thread 0x000000001dbab800 Exception <a 'java/lang/ClassNotFoundException': org/springframework/web/servlet/theme/FixedThemeResolverCustomizer> (0x00000000d71a54b0) thrown at [C:\re\workspace\8-2-build-windows-amd64-cygwin\jdk8u131\8869\hotspot\src\share\vm\classfile\systemDictiona
Event: 54.217 Thread 0x000000001dbab800 Exception <a 'java/lang/ClassNotFoundException': org/springframework/web/servlet/ThemeResolverCustomizer> (0x00000000d71bdbe0) thrown at [C:\re\workspace\8-2-build-windows-amd64-cygwin\jdk8u131\8869\hotspot\src\share\vm\classfile\systemDictionary.cpp, lin
Event: 54.221 Thread 0x000000001dbab800 Exception <a 'java/lang/ClassNotFoundException': java/lang/ObjectCustomizer> (0x00000000d71dc688) thrown at [C:\re\workspace\8-2-build-windows-amd64-cygwin\jdk8u131\8869\hotspot\src\share\vm\classfile\systemDictionary.cpp, line 210]
Event: 54.221 Thread 0x000000001dbab800 Exception <a 'java/lang/ClassNotFoundException': org/springframework/web/servlet/view/DefaultRequestToViewNameTranslatorCustomizer> (0x00000000d71fac70) thrown at [C:\re\workspace\8-2-build-windows-amd64-cygwin\jdk8u131\8869\hotspot\src\share\vm\classfile
Event: 54.222 Thread 0x000000001dbab800 Exception <a 'java/lang/ClassNotFoundException': org/springframework/web/servlet/RequestToViewNameTranslatorCustomizer> (0x00000000d7224ba0) thrown at [C:\re\workspace\8-2-build-windows-amd64-cygwin\jdk8u131\8869\hotspot\src\share\vm\classfile\systemDicti
Event: 54.225 Thread 0x000000001dbab800 Exception <a 'java/lang/ClassNotFoundException': java/lang/ObjectCustomizer> (0x00000000d725a1a0) thrown at [C:\re\workspace\8-2-build-windows-amd64-cygwin\jdk8u131\8869\hotspot\src\share\vm\classfile\systemDictionary.cpp, line 210]
Event: 54.226 Thread 0x000000001dbab800 Exception <a 'java/lang/ClassNotFoundException': org/springframework/web/servlet/support/AbstractFlashMapManagerCustomizer> (0x00000000d7276b30) thrown at [C:\re\workspace\8-2-build-windows-amd64-cygwin\jdk8u131\8869\hotspot\src\share\vm\classfile\systemD
Event: 54.227 Thread 0x000000001dbab800 Exception <a 'java/lang/ClassNotFoundException': org/springframework/web/servlet/support/SessionFlashMapManagerCustomizer> (0x00000000d7297338) thrown at [C:\re\workspace\8-2-build-windows-amd64-cygwin\jdk8u131\8869\hotspot\src\share\vm\classfile\systemDi
Event: 54.228 Thread 0x000000001dbab800 Exception <a 'java/lang/ClassNotFoundException': org/springframework/web/servlet/FlashMapManagerCustomizer> (0x00000000d72af918) thrown at [C:\re\workspace\8-2-build-windows-amd64-cygwin\jdk8u131\8869\hotspot\src\share\vm\classfile\systemDictionary.cpp, l

Events (10 events):
Event: 54.873 loading class org/jsoup/parser/TokeniserState$63
Event: 54.873 loading class org/jsoup/parser/TokeniserState$63 done
Event: 54.873 loading class org/jsoup/parser/TokeniserState$64
Event: 54.873 loading class org/jsoup/parser/TokeniserState$64 done
Event: 54.874 loading class org/jsoup/parser/TokeniserState$65
Event: 54.874 loading class org/jsoup/parser/TokeniserState$65 done
Event: 54.874 loading class org/jsoup/parser/TokeniserState$66
Event: 54.874 loading class org/jsoup/parser/TokeniserState$66 done
Event: 54.874 loading class org/jsoup/parser/TokeniserState$67
Event: 54.874 loading class org/jsoup/parser/TokeniserState$67 done


Dynamic libraries:
0x00007ff64d240000 - 0x00007ff64d277000 	C:\Program Files\Java\jdk1.8.0_131\bin\java.exe
0x00007ffae7210000 - 0x00007ffae73d2000 	C:\Windows\SYSTEM32\ntdll.dll
0x00007ffae4d10000 - 0x00007ffae4dbd000 	C:\Windows\system32\KERNEL32.DLL
0x00007ffae46f0000 - 0x00007ffae48cd000 	C:\Windows\system32\KERNELBASE.dll
0x00007ffae57a0000 - 0x00007ffae5846000 	C:\Windows\system32\ADVAPI32.dll
0x00007ffae4f00000 - 0x00007ffae4f9d000 	C:\Windows\system32\msvcrt.dll
0x00007ffae4b50000 - 0x00007ffae4bab000 	C:\Windows\system32\sechost.dll
0x00007ffae5300000 - 0x00007ffae5426000 	C:\Windows\system32\RPCRT4.dll
0x00007ffae4bc0000 - 0x00007ffae4d0e000 	C:\Windows\system32\USER32.dll
0x00007ffae50f0000 - 0x00007ffae5275000 	C:\Windows\system32\GDI32.dll
0x00007ffadf690000 - 0x00007ffadf904000 	C:\Windows\WinSxS\amd64_microsoft.windows.common-controls_6595b64144ccf1df_6.0.10240.17184_none_f41d7a705752bce6\COMCTL32.dll
0x00007ffae7080000 - 0x00007ffae70b6000 	C:\Windows\system32\IMM32.DLL
0x00007ffae5640000 - 0x00007ffae579c000 	C:\Windows\system32\MSCTF.dll
0x0000000074ec0000 - 0x0000000074f92000 	C:\Program Files\Java\jdk1.8.0_131\jre\bin\msvcr100.dll
0x0000000074620000 - 0x0000000074ebc000 	C:\Program Files\Java\jdk1.8.0_131\jre\bin\server\jvm.dll
0x00007ffae7200000 - 0x00007ffae7208000 	C:\Windows\system32\PSAPI.DLL
0x00007ffae13d0000 - 0x00007ffae13d9000 	C:\Windows\SYSTEM32\WSOCK32.dll
0x00007ffadfc90000 - 0x00007ffadfc9a000 	C:\Windows\SYSTEM32\VERSION.dll
0x00007ffae2000000 - 0x00007ffae2023000 	C:\Windows\SYSTEM32\WINMM.dll
0x00007ffae5280000 - 0x00007ffae52e9000 	C:\Windows\system32\WS2_32.dll
0x00007ffae4bb0000 - 0x00007ffae4bb8000 	C:\Windows\system32\NSI.dll
0x0000000002d20000 - 0x0000000002d4c000 	C:\Windows\SYSTEM32\WINMMBASE.dll
0x00007ffae46a0000 - 0x00007ffae46e4000 	C:\Windows\system32\cfgmgr32.dll
0x00007ffae25b0000 - 0x00007ffae25d7000 	C:\Windows\SYSTEM32\DEVOBJ.dll
0x0000000077310000 - 0x000000007731f000 	C:\Program Files\Java\jdk1.8.0_131\jre\bin\verify.dll
0x0000000075fb0000 - 0x0000000075fd9000 	C:\Program Files\Java\jdk1.8.0_131\jre\bin\java.dll
0x0000000075f60000 - 0x0000000075f83000 	C:\Program Files\Java\jdk1.8.0_131\jre\bin\instrument.dll
0x0000000075f90000 - 0x0000000075fa6000 	C:\Program Files\Java\jdk1.8.0_131\jre\bin\zip.dll
0x00007ffae58b0000 - 0x00007ffae6dd3000 	C:\Windows\system32\SHELL32.dll
0x00007ffae3de0000 - 0x00007ffae4409000 	C:\Windows\system32\windows.storage.dll
0x00007ffae48d0000 - 0x00007ffae4b4c000 	C:\Windows\system32\combase.dll
0x00007ffae4ea0000 - 0x00007ffae4ef1000 	C:\Windows\system32\shlwapi.dll
0x00007ffae3cc0000 - 0x00007ffae3ccf000 	C:\Windows\system32\kernel.appcore.dll
0x00007ffae4410000 - 0x00007ffae44c3000 	C:\Windows\system32\shcore.dll
0x00007ffae3c30000 - 0x00007ffae3c7a000 	C:\Windows\system32\powrprof.dll
0x00007ffae3c80000 - 0x00007ffae3c93000 	C:\Windows\system32\profapi.dll
0x00007ffacab40000 - 0x00007ffacab5a000 	C:\Program Files\JetBrains\IntelliJ IDEA 2017.1.3\bin\breakgen64.dll
0x0000000075500000 - 0x000000007551a000 	C:\Program Files\Java\jdk1.8.0_131\jre\bin\net.dll
0x00007ffae34c0000 - 0x00007ffae351d000 	C:\Windows\system32\mswsock.dll
0x0000000075f50000 - 0x0000000075f5d000 	C:\Program Files\Java\jdk1.8.0_131\jre\bin\management.dll
0x00007ffad9620000 - 0x00007ffad9635000 	C:\Windows\system32\napinsp.dll
0x00007ffad9640000 - 0x00007ffad965a000 	C:\Windows\system32\pnrpnsp.dll
0x00007ffae10a0000 - 0x00007ffae10b8000 	C:\Windows\system32\NLAapi.dll
0x00007ffae32e0000 - 0x00007ffae3388000 	C:\Windows\SYSTEM32\DNSAPI.dll
0x00007ffad9660000 - 0x00007ffad966d000 	C:\Windows\System32\winrnr.dll
0x00007ffad9690000 - 0x00007ffad96a5000 	C:\Windows\system32\wshbth.dll
0x00007ffadab50000 - 0x00007ffadab5a000 	C:\Windows\System32\rasadhlp.dll
0x00007ffae14b0000 - 0x00007ffae14e8000 	C:\Windows\SYSTEM32\IPHLPAPI.DLL
0x00007ffae1130000 - 0x00007ffae113b000 	C:\Windows\SYSTEM32\WINNSI.DLL
0x00007ffadc180000 - 0x00007ffadc1e8000 	C:\Windows\System32\fwpuclnt.dll
0x00007ffae3b60000 - 0x00007ffae3b88000 	C:\Windows\SYSTEM32\bcrypt.dll
0x00000000754e0000 - 0x00000000754f1000 	C:\Program Files\Java\jdk1.8.0_131\jre\bin\nio.dll
0x00007ffae33f0000 - 0x00007ffae3407000 	C:\Windows\SYSTEM32\CRYPTSP.dll
0x00007ffae3100000 - 0x00007ffae3133000 	C:\Windows\system32\rsaenh.dll
0x00007ffae3490000 - 0x00007ffae34af000 	C:\Windows\SYSTEM32\USERENV.dll
0x00007ffae3a50000 - 0x00007ffae3abb000 	C:\Windows\system32\bcryptprimitives.dll
0x00007ffae3740000 - 0x00007ffae374b000 	C:\Windows\SYSTEM32\CRYPTBASE.dll
0x00007ffadbb70000 - 0x00007ffadbb86000 	C:\Windows\SYSTEM32\dhcpcsvc6.DLL
0x00007ffadbb00000 - 0x00007ffadbb1a000 	C:\Windows\SYSTEM32\dhcpcsvc.DLL

VM Arguments:
jvm_args: -javaagent:C:\Program Files\JetBrains\IntelliJ IDEA 2017.1.3\lib\idea_rt.jar=23616:C:\Program Files\JetBrains\IntelliJ IDEA 2017.1.3\bin -Dfile.encoding=UTF-8 
java_command: com.github.stoton.App
java_class_path (initial): C:\Program Files\Java\jdk1.8.0_131\jre\lib\charsets.jar;C:\Program Files\Java\jdk1.8.0_131\jre\lib\deploy.jar;C:\Program Files\Java\jdk1.8.0_131\jre\lib\ext\access-bridge-64.jar;C:\Program Files\Java\jdk1.8.0_131\jre\lib\ext\cldrdata.jar;C:\Program Files\Java\jdk1.8.0_131\jre\lib\ext\dnsns.jar;C:\Program Files\Java\jdk1.8.0_131\jre\lib\ext\jaccess.jar;C:\Program Files\Java\jdk1.8.0_131\jre\lib\ext\jfxrt.jar;C:\Program Files\Java\jdk1.8.0_131\jre\lib\ext\localedata.jar;C:\Program Files\Java\jdk1.8.0_131\jre\lib\ext\nashorn.jar;C:\Program Files\Java\jdk1.8.0_131\jre\lib\ext\sunec.jar;C:\Program Files\Java\jdk1.8.0_131\jre\lib\ext\sunjce_provider.jar;C:\Program Files\Java\jdk1.8.0_131\jre\lib\ext\sunmscapi.jar;C:\Program Files\Java\jdk1.8.0_131\jre\lib\ext\sunpkcs11.jar;C:\Program Files\Java\jdk1.8.0_131\jre\lib\ext\zipfs.jar;C:\Program Files\Java\jdk1.8.0_131\jre\lib\javaws.jar;C:\Program Files\Java\jdk1.8.0_131\jre\lib\jce.jar;C:\Program Files\Java\jdk1.8.0_131\jre\lib\jfr.jar;C:\Program Files\Java\jdk1.8.0_131\jre\lib\jfxswt.jar;C:\Program Files\Java\jdk1.8.0_131\jre\lib\jsse.jar;C:\Program Files\Java\jdk1.8.0_131\jre\lib\management-agent.jar;C:\Program Files\Java\jdk1.8.0_131\jre\lib\plugin.jar;C:\Program Files\Java\jdk1.8.0_131\jre\lib\resources.jar;C:\Program Files\Java\jdk1.8.0_131\jre\lib\rt.jar;C:\Users\stoton\Downloads\zsat-timetable-backend\build\classes\main;C:\Users\stoton\Downloads\zsat-timetable-backend\build\resources\main;C:\Users\stoton\.gradle\caches\modules-2\files-2.1\mysql\mysql-connector-java\5.1.39\4617fe8dc8f1969ec450984b0b9203bc8b7c8ad5\mysql-connector-java-5.1.39.jar;C:\Users\stoton\.gradle\caches\modules-2\files-2.1\org.springframework.boot\spring-boot-starter-data-jpa\1.5.6.RELEASE\d75804c399bfc78f5ae32a04696aeb71926a49b5\spring-boot-starter-data-jpa-1.5.6.RELEASE.jar;C:\Users\stoton\.gradle\caches\modules-2\files-2.1\org.springframework.boot\spring-boot-starter-web\1.5.6.RELEASE\6f47b0a9e7e39b46b9e66ebdd2bff1c7
Launcher Type: SUN_STANDARD

Environment Variables:
PATH=C:\ProgramData\Oracle\Java\javapath;C:\Windows\system32;C:\Windows;C:\Windows\System32\Wbem;C:\Windows\System32\WindowsPowerShell\v1.0\;C:\Program Files (x86)\NVIDIA Corporation\PhysX\Common;C:\Windows\system32\config\systemprofile\.dnx\bin;C:\Program Files\Microsoft DNX\Dnvm\;C:\Program Files\Microsoft SQL Server\120\Tools\Binn\;C:\apache-maven-3.3.9\bin;D:\Bitvise SSH Client;C:\Program Files\Git\cmd;C:\Program Files\Git\mingw64\bin;C:\Program Files\Git\usr\bin;C:\Gradle\gradle-3.5\bin;C:\Program Files\PuTTY\;C:\Users\stoton\AppData\Local\Programs\Python\Python36\Scripts\;C:\Users\stoton\AppData\Local\Programs\Python\Python36\;C:\Users\stoton\AppData\Local\atom\bin
USERNAME=stoton
OS=Windows_NT
PROCESSOR_IDENTIFIER=Intel64 Family 6 Model 94 Stepping 3, GenuineIntel



---------------  S Y S T E M  ---------------

OS: Windows 10.0 , 64 bit Build 10240 (10.0.10240.17113)

CPU:total 8 (initial active 8) (4 cores per cpu, 2 threads per core) family 6 model 94 stepping 3, cmov, cx8, fxsr, mmx, sse, sse2, sse3, ssse3, sse4.1, sse4.2, popcnt, avx, avx2, aes, clmul, erms, rtm, 3dnowpref, lzcnt, ht, tsc, tscinvbit, bmi1, bmi2, adx

Memory: 4k page, physical 8070000k(1031224k free), swap 8070000k(6968k free)

vm_info: Java HotSpot(TM) 64-Bit Server VM (25.131-b11) for windows-amd64 JRE (1.8.0_131-b11), built on Mar 15 2017 01:23:53 by "java_re" with MS VC++ 10.0 (VS2010)

time: Wed Sep 20 15:59:30 2017
elapsed time: 54 seconds (0d 0h 0m 54s)

